[main] WARN soot.Scene - Android API version '19' not available, using minApkVersion '3' instead
Exception in thread "main" java.lang.IllegalStateException: UnitThrowAnalysis StmtSwitch: type of throw argument is not a RefType!
	at soot.toolkits.exceptions.AbstractThrowAnalysis.mightThrowExplicitly(AbstractThrowAnalysis.java:75)
	at soot.toolkits.exceptions.UnitThrowAnalysis$UnitSwitch.caseThrowStmt(UnitThrowAnalysis.java:839)
	at soot.jimple.internal.JThrowStmt.apply(JThrowStmt.java:67)
	at soot.toolkits.exceptions.UnitThrowAnalysis.mightThrow(UnitThrowAnalysis.java:280)
	at soot.toolkits.exceptions.UnitThrowAnalysis.mightThrow(UnitThrowAnalysis.java:275)
	at soot.toolkits.graph.ExceptionalUnitGraph.buildExceptionDests(ExceptionalUnitGraph.java:277)
	at soot.toolkits.graph.ExceptionalUnitGraph.initialize(ExceptionalUnitGraph.java:220)
	at soot.toolkits.graph.ExceptionalUnitGraph.<init>(ExceptionalUnitGraph.java:127)
	at soot.toolkits.graph.ExceptionalUnitGraphFactory.newExceptionalUnitGraph(ExceptionalUnitGraphFactory.java:55)
	at soot.toolkits.graph.ExceptionalUnitGraphFactory.createExceptionalUnitGraph(ExceptionalUnitGraphFactory.java:50)
	at soot.toolkits.scalar.LocalSplitter.internalTransform(LocalSplitter.java:109)
	at soot.BodyTransformer.transform(BodyTransformer.java:52)
	at soot.BodyTransformer.transform(BodyTransformer.java:56)
	at soot.dexpler.DexBody.jimplify(DexBody.java:691)
	at soot.dexpler.DexMethod$1.getBody(DexMethod.java:120)
	at soot.SootMethod.retrieveActiveBody(SootMethod.java:446)
	at soot.jimple.toolkits.callgraph.OnFlyCallGraphBuilder.processNewMethod(OnFlyCallGraphBuilder.java:791)
	at soot.jimple.toolkits.callgraph.OnFlyCallGraphBuilder.processReachables(OnFlyCallGraphBuilder.java:287)
	at soot.jimple.toolkits.callgraph.CallGraphBuilder.build(CallGraphBuilder.java:108)
	at soot.jimple.toolkits.callgraph.CHATransformer.internalTransform(CHATransformer.java:54)
	at soot.SceneTransformer.transform(SceneTransformer.java:36)
	at soot.Transform.apply(Transform.java:105)
	at soot.RadioScenePack.internalApply(RadioScenePack.java:64)
	at soot.jimple.toolkits.callgraph.CallGraphPack.internalApply(CallGraphPack.java:61)
	at soot.Pack.apply(Pack.java:118)
	at soot.PackManager.runWholeProgramPacks(PackManager.java:619)
	at soot.PackManager.runPacksNormally(PackManager.java:500)
	at soot.PackManager.runPacks(PackManager.java:425)
	at SootSetup.run(SootSetup.java:108)
	at Main.main(Main.java:61)
