[main] WARN soot.Scene - Android API version '19' not available, using minApkVersion '9' instead
[Thread-1] ERROR heros.solver.CountingThreadPoolExecutor - Worker thread execution failed: Invalid string index 41242, not in [0, 9055)
java.lang.IndexOutOfBoundsException: Invalid string index 41242, not in [0, 9055)
	at org.jf.dexlib2.dexbacked.DexBackedDexFile$5.getOffset(DexBackedDexFile.java:336)
	at org.jf.dexlib2.dexbacked.DexBackedDexFile$5.get(DexBackedDexFile.java:311)
	at org.jf.dexlib2.dexbacked.DexBackedDexFile$5.get(DexBackedDexFile.java:308)
	at org.jf.dexlib2.dexbacked.reference.DexBackedStringReference.getString(DexBackedStringReference.java:53)
	at soot.dexpler.instructions.ConstStringInstruction.jimplify(ConstStringInstruction.java:55)
	at soot.dexpler.DexBody.jimplify(DexBody.java:631)
	at soot.dexpler.DexMethod$1.getBody(DexMethod.java:120)
	at soot.SootMethod.retrieveActiveBody(SootMethod.java:446)
	at soot.PackManager.lambda$retrieveAllBodies$2(PackManager.java:1252)
	at java.util.concurrent.ThreadPoolExecutor.runWorker(ThreadPoolExecutor.java:1149)
	at java.util.concurrent.ThreadPoolExecutor$Worker.run(ThreadPoolExecutor.java:624)
	at java.lang.Thread.run(Thread.java:750)
Exception in thread "Thread-1" java.lang.IndexOutOfBoundsException: Invalid string index 41242, not in [0, 9055)
	at org.jf.dexlib2.dexbacked.DexBackedDexFile$5.getOffset(DexBackedDexFile.java:336)
	at org.jf.dexlib2.dexbacked.DexBackedDexFile$5.get(DexBackedDexFile.java:311)
	at org.jf.dexlib2.dexbacked.DexBackedDexFile$5.get(DexBackedDexFile.java:308)
	at org.jf.dexlib2.dexbacked.reference.DexBackedStringReference.getString(DexBackedStringReference.java:53)
	at soot.dexpler.instructions.ConstStringInstruction.jimplify(ConstStringInstruction.java:55)
	at soot.dexpler.DexBody.jimplify(DexBody.java:631)
	at soot.dexpler.DexMethod$1.getBody(DexMethod.java:120)
	at soot.SootMethod.retrieveActiveBody(SootMethod.java:446)
	at soot.PackManager.lambda$retrieveAllBodies$2(PackManager.java:1252)
	at java.util.concurrent.ThreadPoolExecutor.runWorker(ThreadPoolExecutor.java:1149)
	at java.util.concurrent.ThreadPoolExecutor$Worker.run(ThreadPoolExecutor.java:624)
	at java.lang.Thread.run(Thread.java:750)
Exception in thread "main" java.lang.IndexOutOfBoundsException: Invalid string index 41242, not in [0, 9055)
	at org.jf.dexlib2.dexbacked.DexBackedDexFile$5.getOffset(DexBackedDexFile.java:336)
	at org.jf.dexlib2.dexbacked.DexBackedDexFile$5.get(DexBackedDexFile.java:311)
	at org.jf.dexlib2.dexbacked.DexBackedDexFile$5.get(DexBackedDexFile.java:308)
	at org.jf.dexlib2.dexbacked.reference.DexBackedStringReference.getString(DexBackedStringReference.java:53)
	at soot.dexpler.instructions.ConstStringInstruction.jimplify(ConstStringInstruction.java:55)
	at soot.dexpler.DexBody.jimplify(DexBody.java:631)
	at soot.dexpler.DexMethod$1.getBody(DexMethod.java:120)
	at soot.SootMethod.retrieveActiveBody(SootMethod.java:446)
	at soot.PackManager.lambda$retrieveAllBodies$2(PackManager.java:1252)
	at java.util.concurrent.ThreadPoolExecutor.runWorker(ThreadPoolExecutor.java:1149)
	at java.util.concurrent.ThreadPoolExecutor$Worker.run(ThreadPoolExecutor.java:624)
	at java.lang.Thread.run(Thread.java:750)
