[Thread-3] ERROR heros.solver.CountingThreadPoolExecutor - Worker thread execution failed: UnitThrowAnalysis StmtSwitch: type of throw argument is not a RefType!
java.lang.IllegalStateException: UnitThrowAnalysis StmtSwitch: type of throw argument is not a RefType!
	at soot.toolkits.exceptions.AbstractThrowAnalysis.mightThrowExplicitly(AbstractThrowAnalysis.java:75)
	at soot.toolkits.exceptions.UnitThrowAnalysis$UnitSwitch.caseThrowStmt(UnitThrowAnalysis.java:839)
	at soot.jimple.internal.JThrowStmt.apply(JThrowStmt.java:67)
	at soot.toolkits.exceptions.UnitThrowAnalysis.mightThrow(UnitThrowAnalysis.java:280)
	at soot.toolkits.exceptions.UnitThrowAnalysis.mightThrow(UnitThrowAnalysis.java:275)
	at soot.toolkits.graph.ExceptionalUnitGraph.buildExceptionDests(ExceptionalUnitGraph.java:277)
	at soot.toolkits.graph.ExceptionalUnitGraph.initialize(ExceptionalUnitGraph.java:220)
	at soot.toolkits.graph.ExceptionalUnitGraph.<init>(ExceptionalUnitGraph.java:127)
	at soot.toolkits.graph.ExceptionalUnitGraphFactory.newExceptionalUnitGraph(ExceptionalUnitGraphFactory.java:55)
	at soot.toolkits.graph.ExceptionalUnitGraphFactory.createExceptionalUnitGraph(ExceptionalUnitGraphFactory.java:50)
	at soot.toolkits.scalar.LocalSplitter.internalTransform(LocalSplitter.java:109)
	at soot.BodyTransformer.transform(BodyTransformer.java:52)
	at soot.BodyTransformer.transform(BodyTransformer.java:56)
	at soot.dexpler.DexBody.jimplify(DexBody.java:691)
	at soot.dexpler.DexMethod$1.getBody(DexMethod.java:120)
	at soot.SootMethod.retrieveActiveBody(SootMethod.java:446)
	at soot.PackManager.lambda$retrieveAllBodies$2(PackManager.java:1252)
	at java.base/java.util.concurrent.ThreadPoolExecutor.runWorker(ThreadPoolExecutor.java:1136)
	at java.base/java.util.concurrent.ThreadPoolExecutor$Worker.run(ThreadPoolExecutor.java:635)
	at java.base/java.lang.Thread.run(Thread.java:840)
Exception in thread "Thread-3" java.lang.IllegalStateException: UnitThrowAnalysis StmtSwitch: type of throw argument is not a RefType!
	at soot.toolkits.exceptions.AbstractThrowAnalysis.mightThrowExplicitly(AbstractThrowAnalysis.java:75)
	at soot.toolkits.exceptions.UnitThrowAnalysis$UnitSwitch.caseThrowStmt(UnitThrowAnalysis.java:839)
	at soot.jimple.internal.JThrowStmt.apply(JThrowStmt.java:67)
	at soot.toolkits.exceptions.UnitThrowAnalysis.mightThrow(UnitThrowAnalysis.java:280)
	at soot.toolkits.exceptions.UnitThrowAnalysis.mightThrow(UnitThrowAnalysis.java:275)
	at soot.toolkits.graph.ExceptionalUnitGraph.buildExceptionDests(ExceptionalUnitGraph.java:277)
	at soot.toolkits.graph.ExceptionalUnitGraph.initialize(ExceptionalUnitGraph.java:220)
	at soot.toolkits.graph.ExceptionalUnitGraph.<init>(ExceptionalUnitGraph.java:127)
	at soot.toolkits.graph.ExceptionalUnitGraphFactory.newExceptionalUnitGraph(ExceptionalUnitGraphFactory.java:55)
	at soot.toolkits.graph.ExceptionalUnitGraphFactory.createExceptionalUnitGraph(ExceptionalUnitGraphFactory.java:50)
	at soot.toolkits.scalar.LocalSplitter.internalTransform(LocalSplitter.java:109)
	at soot.BodyTransformer.transform(BodyTransformer.java:52)
	at soot.BodyTransformer.transform(BodyTransformer.java:56)
	at soot.dexpler.DexBody.jimplify(DexBody.java:691)
	at soot.dexpler.DexMethod$1.getBody(DexMethod.java:120)
	at soot.SootMethod.retrieveActiveBody(SootMethod.java:446)
	at soot.PackManager.lambda$retrieveAllBodies$2(PackManager.java:1252)
	at java.base/java.util.concurrent.ThreadPoolExecutor.runWorker(ThreadPoolExecutor.java:1136)
	at java.base/java.util.concurrent.ThreadPoolExecutor$Worker.run(ThreadPoolExecutor.java:635)
	at java.base/java.lang.Thread.run(Thread.java:840)
Exception in thread "main" java.lang.IllegalStateException: UnitThrowAnalysis StmtSwitch: type of throw argument is not a RefType!
	at soot.toolkits.exceptions.AbstractThrowAnalysis.mightThrowExplicitly(AbstractThrowAnalysis.java:75)
	at soot.toolkits.exceptions.UnitThrowAnalysis$UnitSwitch.caseThrowStmt(UnitThrowAnalysis.java:839)
	at soot.jimple.internal.JThrowStmt.apply(JThrowStmt.java:67)
	at soot.toolkits.exceptions.UnitThrowAnalysis.mightThrow(UnitThrowAnalysis.java:280)
	at soot.toolkits.exceptions.UnitThrowAnalysis.mightThrow(UnitThrowAnalysis.java:275)
	at soot.toolkits.graph.ExceptionalUnitGraph.buildExceptionDests(ExceptionalUnitGraph.java:277)
	at soot.toolkits.graph.ExceptionalUnitGraph.initialize(ExceptionalUnitGraph.java:220)
	at soot.toolkits.graph.ExceptionalUnitGraph.<init>(ExceptionalUnitGraph.java:127)
	at soot.toolkits.graph.ExceptionalUnitGraphFactory.newExceptionalUnitGraph(ExceptionalUnitGraphFactory.java:55)
	at soot.toolkits.graph.ExceptionalUnitGraphFactory.createExceptionalUnitGraph(ExceptionalUnitGraphFactory.java:50)
	at soot.toolkits.scalar.LocalSplitter.internalTransform(LocalSplitter.java:109)
	at soot.BodyTransformer.transform(BodyTransformer.java:52)
	at soot.BodyTransformer.transform(BodyTransformer.java:56)
	at soot.dexpler.DexBody.jimplify(DexBody.java:691)
	at soot.dexpler.DexMethod$1.getBody(DexMethod.java:120)
	at soot.SootMethod.retrieveActiveBody(SootMethod.java:446)
	at soot.PackManager.lambda$retrieveAllBodies$2(PackManager.java:1252)
	at java.base/java.util.concurrent.ThreadPoolExecutor.runWorker(ThreadPoolExecutor.java:1136)
	at java.base/java.util.concurrent.ThreadPoolExecutor$Worker.run(ThreadPoolExecutor.java:635)
	at java.base/java.lang.Thread.run(Thread.java:840)
